<?xml version="1.0" encoding="UTF-8"?>
<!-- Generated by org.testng.reporters.JUnitReportReporter -->
<testsuite name="web.tests.MyAccountTest" tests="1" time="51.477" ignored="0" failures="0" timestamp="11 Sep 2020 13:22:08 GMT" skipped="0" hostname="lenovo-PC" errors="0">
  <testcase name="testAddPaymentMethod" time="51.477" classname="web.tests.MyAccountTest"/>
</testsuite> <!-- web.tests.MyAccountTest -->
