<?xml version="1.0" encoding="UTF-8"?>
<!-- Generated by org.testng.reporters.JUnitReportReporter -->
<testsuite name="web.tests.LoginTest" tests="1" time="33.879" ignored="2" failures="0" timestamp="14 Sep 2020 11:48:14 GMT" skipped="0" hostname="lenovo-PC" errors="0">
  <testcase name="testLogin" time="33.879" classname="web.tests.LoginTest"/>
  <testcase name="beforeSuite" classname="web.tests.BaseTest">
    <skipped/>
  </testcase> <!-- beforeSuite -->
  <testcase name="afterSuite" classname="web.tests.BaseTest">
    <skipped/>
  </testcase> <!-- afterSuite -->
</testsuite> <!-- web.tests.LoginTest -->
