<?xml version="1.0" encoding="UTF-8"?>
<!-- Generated by org.testng.reporters.JUnitReportReporter -->
<testsuite skipped="0" hostname="lenovo-PC" name="web.pages.OffLoadDigitalLoginPage" tests="1" failures="0" timestamp="04 Jul 2020 18:55:02 GMT" time="6.956" errors="0">
  <testcase name="OffLoadDigitalLoginTest" time="6.956" classname="web.pages.OffLoadDigitalLoginPage"/>
</testsuite> <!-- web.pages.OffLoadDigitalLoginPage -->
