<?xml version="1.0" encoding="UTF-8"?>
<!-- Generated by org.testng.reporters.JUnitReportReporter -->
<testsuite name="web.tests.LoginTest" tests="1" time="35.533" ignored="0" failures="0" timestamp="18 Sep 2020 11:00:06 GMT" skipped="0" hostname="lenovo-PC" errors="0">
  <testcase name="testLogin" time="35.533" classname="web.tests.LoginTest"/>
</testsuite> <!-- web.tests.LoginTest -->
